MainProcess : examples.mproc: INFO    :  2016-07-10 20:13:00,218: Processing 80 documents using 8 processes.
Process-1   : examples.mproc: INFO    :  2016-07-10 20:13:00,229: >>>>>> Hi from process-1; processing docs 0 - 9
Process-1   : examples.mproc: INFO    :  2016-07-10 20:13:00,231: 1:  0
	and again 1:  0
Process-2   : examples.mproc: INFO    :  2016-07-10 20:13:00,231: >>>>>> Hi from process-2; processing docs 10 - 19
Process-2   : examples.mproc: INFO    :  2016-07-10 20:13:00,232: 2: 10
	and again 2: 10
Process-3   : examples.mproc: INFO    :  2016-07-10 20:13:00,232: >>>>>> Hi from process-3; processing docs 20 - 29
Process-3   : examples.mproc: INFO    :  2016-07-10 20:13:00,234: 3: 20
	and again 3: 20
Process-4   : examples.mproc: INFO    :  2016-07-10 20:13:00,234: >>>>>> Hi from process-4; processing docs 30 - 39
Process-4   : examples.mproc: INFO    :  2016-07-10 20:13:00,235: 4: 30
	and again 4: 30
Process-5   : examples.mproc: INFO    :  2016-07-10 20:13:00,235: >>>>>> Hi from process-5; processing docs 40 - 49
Process-5   : examples.mproc: INFO    :  2016-07-10 20:13:00,236: 5: 40
	and again 5: 40
Process-6   : examples.mproc: INFO    :  2016-07-10 20:13:00,236: >>>>>> Hi from process-6; processing docs 50 - 59
Process-6   : examples.mproc: INFO    :  2016-07-10 20:13:00,238: 6: 50
	and again 6: 50
Process-7   : examples.mproc: INFO    :  2016-07-10 20:13:00,238: >>>>>> Hi from process-7; processing docs 60 - 69
Process-8   : examples.mproc: INFO    :  2016-07-10 20:13:00,238: >>>>>> Hi from process-8; processing docs 70 - 79
Process-7   : examples.mproc: INFO    :  2016-07-10 20:13:00,238: 7: 60
	and again 7: 60
Process-8   : examples.mproc: INFO    :  2016-07-10 20:13:00,239: 8: 70
	and again 8: 70
Process-1   : examples.mproc: INFO    :  2016-07-10 20:13:00,281: 1:  1
	and again 1:  1
Process-1   : examples.mproc: INFO    :  2016-07-10 20:13:00,282: 1:  2
	and again 1:  2
Process-3   : examples.mproc: INFO    :  2016-07-10 20:13:00,285: 3: 21
	and again 3: 21
Process-3   : examples.mproc: INFO    :  2016-07-10 20:13:00,285: 3: 22
	and again 3: 22
Process-5   : examples.mproc: INFO    :  2016-07-10 20:13:00,287: 5: 41
	and again 5: 41
Process-5   : examples.mproc: INFO    :  2016-07-10 20:13:00,287: 5: 42
	and again 5: 42
Process-7   : examples.mproc: INFO    :  2016-07-10 20:13:00,290: 7: 61
	and again 7: 61
Process-7   : examples.mproc: INFO    :  2016-07-10 20:13:00,291: 7: 62
	and again 7: 62
Process-1   : examples.mproc: INFO    :  2016-07-10 20:13:00,333: 1:  3
	and again 1:  3
Process-1   : examples.mproc: INFO    :  2016-07-10 20:13:00,333: 1:  4
	and again 1:  4
Process-2   : examples.mproc: INFO    :  2016-07-10 20:13:00,334: 2: 11
	and again 2: 11
Process-2   : examples.mproc: INFO    :  2016-07-10 20:13:00,334: 2: 12
	and again 2: 12
Process-4   : examples.mproc: INFO    :  2016-07-10 20:13:00,336: 4: 31
	and again 4: 31
Process-3   : examples.mproc: INFO    :  2016-07-10 20:13:00,336: 3: 23
	and again 3: 23
Process-4   : examples.mproc: INFO    :  2016-07-10 20:13:00,337: 4: 32
	and again 4: 32
Process-3   : examples.mproc: INFO    :  2016-07-10 20:13:00,337: 3: 24
	and again 3: 24
Process-5   : examples.mproc: INFO    :  2016-07-10 20:13:00,338: 5: 43
	and again 5: 43
Process-5   : examples.mproc: INFO    :  2016-07-10 20:13:00,338: 5: 44
	and again 5: 44
Process-6   : examples.mproc: INFO    :  2016-07-10 20:13:00,339: 6: 51
	and again 6: 51
Process-6   : examples.mproc: INFO    :  2016-07-10 20:13:00,339: 6: 52
	and again 6: 52
Process-8   : examples.mproc: INFO    :  2016-07-10 20:13:00,340: 8: 71
	and again 8: 71
Process-8   : examples.mproc: INFO    :  2016-07-10 20:13:00,341: 8: 72
	and again 8: 72
Process-7   : examples.mproc: INFO    :  2016-07-10 20:13:00,342: 7: 63
	and again 7: 63
Process-7   : examples.mproc: INFO    :  2016-07-10 20:13:00,342: 7: 64
	and again 7: 64
Process-1   : examples.mproc: INFO    :  2016-07-10 20:13:00,384: 1:  5
	and again 1:  5
Process-1   : examples.mproc: INFO    :  2016-07-10 20:13:00,384: 1:  6
	and again 1:  6
Process-3   : examples.mproc: INFO    :  2016-07-10 20:13:00,388: 3: 25
	and again 3: 25
Process-3   : examples.mproc: INFO    :  2016-07-10 20:13:00,388: 3: 26
	and again 3: 26
Process-5   : examples.mproc: INFO    :  2016-07-10 20:13:00,389: 5: 45
	and again 5: 45
Process-5   : examples.mproc: INFO    :  2016-07-10 20:13:00,390: 5: 46
	and again 5: 46
Process-7   : examples.mproc: INFO    :  2016-07-10 20:13:00,393: 7: 65
	and again 7: 65
Process-7   : examples.mproc: INFO    :  2016-07-10 20:13:00,394: 7: 66
	and again 7: 66
Process-1   : examples.mproc: INFO    :  2016-07-10 20:13:00,436: 1:  7
	and again 1:  7
Process-2   : examples.mproc: INFO    :  2016-07-10 20:13:00,436: 2: 13
	and again 2: 13
Process-1   : examples.mproc: INFO    :  2016-07-10 20:13:00,436: 1:  8
	and again 1:  8
Process-2   : examples.mproc: INFO    :  2016-07-10 20:13:00,436: 2: 14
	and again 2: 14
Process-4   : examples.mproc: INFO    :  2016-07-10 20:13:00,438: 4: 33
	and again 4: 33
Process-4   : examples.mproc: INFO    :  2016-07-10 20:13:00,438: 4: 34
	and again 4: 34
Process-3   : examples.mproc: INFO    :  2016-07-10 20:13:00,440: 3: 27
	and again 3: 27
Process-3   : examples.mproc: INFO    :  2016-07-10 20:13:00,440: 3: 28
	and again 3: 28
Process-6   : examples.mproc: INFO    :  2016-07-10 20:13:00,440: 6: 53
	and again 6: 53
Process-5   : examples.mproc: INFO    :  2016-07-10 20:13:00,441: 5: 47
	and again 5: 47
Process-6   : examples.mproc: INFO    :  2016-07-10 20:13:00,441: 6: 54
	and again 6: 54
Process-5   : examples.mproc: INFO    :  2016-07-10 20:13:00,441: 5: 48
	and again 5: 48
Process-8   : examples.mproc: INFO    :  2016-07-10 20:13:00,442: 8: 73
	and again 8: 73
Process-8   : examples.mproc: INFO    :  2016-07-10 20:13:00,442: 8: 74
	and again 8: 74
Process-7   : examples.mproc: INFO    :  2016-07-10 20:13:00,445: 7: 67
	and again 7: 67
Process-7   : examples.mproc: INFO    :  2016-07-10 20:13:00,445: 7: 68
	and again 7: 68
Process-1   : examples.mproc: INFO    :  2016-07-10 20:13:00,488: 1:  9
	and again 1:  9
Process-1   : examples.mproc: INFO    :  2016-07-10 20:13:00,488: >>>>>> Bye from process-1
Process-3   : examples.mproc: INFO    :  2016-07-10 20:13:00,491: 3: 29
	and again 3: 29
Process-3   : examples.mproc: INFO    :  2016-07-10 20:13:00,491: >>>>>> Bye from process-3
Process-5   : examples.mproc: INFO    :  2016-07-10 20:13:00,492: 5: 49
	and again 5: 49
Process-5   : examples.mproc: INFO    :  2016-07-10 20:13:00,493: >>>>>> Bye from process-5
Process-7   : examples.mproc: INFO    :  2016-07-10 20:13:00,496: 7: 69
	and again 7: 69
Process-7   : examples.mproc: INFO    :  2016-07-10 20:13:00,496: >>>>>> Bye from process-7
Process-2   : examples.mproc: INFO    :  2016-07-10 20:13:00,538: 2: 15
	and again 2: 15
Process-2   : examples.mproc: INFO    :  2016-07-10 20:13:00,538: 2: 16
	and again 2: 16
Process-4   : examples.mproc: INFO    :  2016-07-10 20:13:00,540: 4: 35
	and again 4: 35
Process-4   : examples.mproc: INFO    :  2016-07-10 20:13:00,540: 4: 36
	and again 4: 36
Process-6   : examples.mproc: INFO    :  2016-07-10 20:13:00,542: 6: 55
	and again 6: 55
Process-6   : examples.mproc: INFO    :  2016-07-10 20:13:00,543: 6: 56
	and again 6: 56
Process-8   : examples.mproc: INFO    :  2016-07-10 20:13:00,544: 8: 75
	and again 8: 75
Process-8   : examples.mproc: INFO    :  2016-07-10 20:13:00,544: 8: 76
	and again 8: 76
Process-2   : examples.mproc: INFO    :  2016-07-10 20:13:00,639: 2: 17
	and again 2: 17
Process-2   : examples.mproc: INFO    :  2016-07-10 20:13:00,639: 2: 18
	and again 2: 18
Process-4   : examples.mproc: INFO    :  2016-07-10 20:13:00,641: 4: 37
	and again 4: 37
Process-4   : examples.mproc: INFO    :  2016-07-10 20:13:00,642: 4: 38
	and again 4: 38
Process-6   : examples.mproc: INFO    :  2016-07-10 20:13:00,644: 6: 57
	and again 6: 57
Process-6   : examples.mproc: INFO    :  2016-07-10 20:13:00,644: 6: 58
	and again 6: 58
Process-8   : examples.mproc: INFO    :  2016-07-10 20:13:00,645: 8: 77
	and again 8: 77
Process-8   : examples.mproc: INFO    :  2016-07-10 20:13:00,645: 8: 78
	and again 8: 78
Process-2   : examples.mproc: INFO    :  2016-07-10 20:13:00,741: 2: 19
	and again 2: 19
Process-2   : examples.mproc: INFO    :  2016-07-10 20:13:00,741: >>>>>> Bye from process-2
Process-4   : examples.mproc: INFO    :  2016-07-10 20:13:00,743: 4: 39
	and again 4: 39
Process-4   : examples.mproc: INFO    :  2016-07-10 20:13:00,743: >>>>>> Bye from process-4
Process-6   : examples.mproc: INFO    :  2016-07-10 20:13:00,745: 6: 59
	and again 6: 59
Process-6   : examples.mproc: INFO    :  2016-07-10 20:13:00,745: >>>>>> Bye from process-6
Process-8   : examples.mproc: INFO    :  2016-07-10 20:13:00,747: 8: 79
	and again 8: 79
Process-8   : examples.mproc: INFO    :  2016-07-10 20:13:00,747: >>>>>> Bye from process-8
MainProcess : examples.mproc: INFO    :  2016-07-10 20:13:00,749: NUM_DOCS_TOTAL: 80, len(total_results): 80
MainProcess : examples.mproc: INFO    :  2016-07-10 20:13:00,750: [(1, 0), (1, 1), (1, 2), (1, 3), (1, 4), (1, 5), (1, 6), (1, 7), (1, 8), (1, 9), (3, 20), (3, 21), (3, 22), (3, 23), (3, 24), (3, 25), (3, 26), (3, 27), (3, 28), (3, 29), (5, 40), (5, 41), (5, 42), (5, 43), (5, 44), (5, 45), (5, 46), (5, 47), (5, 48), (5, 49), (7, 60), (7, 61), (7, 62), (7, 63), (7, 64), (7, 65), (7, 66), (7, 67), (7, 68), (7, 69), (2, 10), (2, 11), (2, 12), (2, 13), (2, 14), (2, 15), (2, 16), (2, 17), (2, 18), (2, 19), (4, 30), (4, 31), (4, 32), (4, 33), (4, 34), (4, 35), (4, 36), (4, 37), (4, 38), (4, 39), (6, 50), (6, 51), (6, 52), (6, 53), (6, 54), (6, 55), (6, 56), (6, 57), (6, 58), (6, 59), (8, 70), (8, 71), (8, 72), (8, 73), (8, 74), (8, 75), (8, 76), (8, 77), (8, 78), (8, 79)]
