examples.child_logger_main: INFO    :  2016-07-09 16:41:22,342: Starting up... 
examples.child_logger_main: DEBUG   :  2016-07-09 16:41:22,343: Doing something boring with 0
examples.child_logger_main.sub_noprop: DEBUG   :  2016-07-09 16:41:22,343: Doing something boring with 0
examples.child_logger_main.sub_prop: DEBUG   :  2016-07-09 16:41:22,343: Doing something boring with 0
examples.child_logger_main: INFO    :  2016-07-09 16:41:22,343: Doing something special with 0
examples.child_logger_main.sub_noprop: INFO    :  2016-07-09 16:41:22,343: Doing something SPECIAL with 0
examples.child_logger_main.sub_prop: INFO    :  2016-07-09 16:41:22,343: Doing something SPECIAL with 0
examples.child_logger_main: DEBUG   :  2016-07-09 16:41:22,344: Doing something boring with 1
examples.child_logger_main.sub_noprop: DEBUG   :  2016-07-09 16:41:22,344: Doing something boring with 1
examples.child_logger_main.sub_prop: DEBUG   :  2016-07-09 16:41:22,344: Doing something boring with 1
examples.child_logger_main: INFO    :  2016-07-09 16:41:22,344: Doing something special with 1
examples.child_logger_main.sub_noprop: INFO    :  2016-07-09 16:41:22,344: Doing something SPECIAL with 1
examples.child_logger_main.sub_prop: INFO    :  2016-07-09 16:41:22,344: Doing something SPECIAL with 1
examples.child_logger_main: DEBUG   :  2016-07-09 16:41:22,345: Doing something boring with 2
examples.child_logger_main.sub_noprop: DEBUG   :  2016-07-09 16:41:22,345: Doing something boring with 2
examples.child_logger_main.sub_prop: DEBUG   :  2016-07-09 16:41:22,345: Doing something boring with 2
examples.child_logger_main: INFO    :  2016-07-09 16:41:22,345: Doing something special with 2
examples.child_logger_main.sub_noprop: INFO    :  2016-07-09 16:41:22,345: Doing something SPECIAL with 2
examples.child_logger_main.sub_prop: INFO    :  2016-07-09 16:41:22,345: Doing something SPECIAL with 2
examples.child_logger_main: INFO    :  2016-07-09 16:41:22,346: ... shutting down.
