MainProcess: 2016-07-09 17:12:51,569: root                : INFO    : lat, lon = 0, 0
MainProcess: 2016-07-09 17:12:51,584: root                : INFO    : lat, lon = 0, 1
MainProcess: 2016-07-09 17:12:51,585: root                : INFO    : lat, lon = 0, 2
MainProcess: 2016-07-09 17:12:51,585: root                : INFO    : lat, lon = 0, 3
MainProcess: 2016-07-09 17:12:51,586: root                : INFO    : lat, lon = 0, 4
MainProcess: 2016-07-09 17:12:51,586: root                : INFO    : lat, lon = 1, 0
MainProcess: 2016-07-09 17:12:51,586: root                : INFO    : lat, lon = 1, 1
MainProcess: 2016-07-09 17:12:51,586: root                : INFO    : lat, lon = 1, 2
MainProcess: 2016-07-09 17:12:51,587: root                : INFO    : lat, lon = 1, 3
MainProcess: 2016-07-09 17:12:51,587: root                : INFO    : lat, lon = 1, 4
MainProcess: 2016-07-09 17:12:51,587: root                : INFO    : lat, lon = 2, 0
MainProcess: 2016-07-09 17:12:51,587: root                : INFO    : lat, lon = 2, 1
MainProcess: 2016-07-09 17:12:51,589: root                : INFO    : lat, lon = 2, 2
MainProcess: 2016-07-09 17:12:51,589: root                : INFO    : lat, lon = 2, 3
MainProcess: 2016-07-09 17:12:51,589: root                : INFO    : lat, lon = 2, 4
MainProcess: 2016-07-09 17:12:51,589: root                : INFO    : lat, lon = 3, 0
MainProcess: 2016-07-09 17:12:51,590: root                : INFO    : lat, lon = 3, 1
MainProcess: 2016-07-09 17:12:51,590: root                : INFO    : lat, lon = 3, 2
MainProcess: 2016-07-09 17:12:51,590: root                : INFO    : lat, lon = 3, 3
MainProcess: 2016-07-09 17:12:51,590: root                : INFO    : lat, lon = 3, 4
MainProcess: 2016-07-09 17:12:51,590: root                : INFO    : lat, lon = 4, 0
MainProcess: 2016-07-09 17:12:51,590: root                : INFO    : lat, lon = 4, 1
MainProcess: 2016-07-09 17:12:51,591: root                : INFO    : lat, lon = 4, 2
MainProcess: 2016-07-09 17:12:51,591: root                : INFO    : lat, lon = 4, 3
MainProcess: 2016-07-09 17:12:51,591: root                : INFO    : lat, lon = 4, 4
PoolWorker-18: 2016-07-09 17:12:51,690: root                : INFO    : processing lat, lon = 0, 1
	              0, 1
PoolWorker-20: 2016-07-09 17:12:51,690: root                : INFO    : processing lat, lon = 0, 2
	              0, 2
PoolWorker-17: 2016-07-09 17:12:51,690: root                : INFO    : processing lat, lon = 0, 0
	              0, 0
PoolWorker-19: 2016-07-09 17:12:51,690: root                : INFO    : processing lat, lon = 0, 3
	              0, 3
PoolWorker-21: 2016-07-09 17:12:51,690: root                : INFO    : processing lat, lon = 0, 4
	              0, 4
PoolWorker-23: 2016-07-09 17:12:51,690: root                : INFO    : processing lat, lon = 1, 0
	              1, 0
PoolWorker-24: 2016-07-09 17:12:51,691: root                : INFO    : processing lat, lon = 1, 2
	              1, 2
PoolWorker-22: 2016-07-09 17:12:51,691: root                : INFO    : processing lat, lon = 1, 1
	              1, 1
PoolWorker-20: 2016-07-09 17:12:51,792: root                : INFO    : processing lat, lon = 1, 4
	              1, 4
PoolWorker-18: 2016-07-09 17:12:51,792: root                : INFO    : processing lat, lon = 1, 3
	              1, 3
PoolWorker-17: 2016-07-09 17:12:51,792: root                : INFO    : processing lat, lon = 2, 0
	              2, 0
PoolWorker-24: 2016-07-09 17:12:51,793: root                : INFO    : processing lat, lon = 2, 4
	              2, 4
PoolWorker-19: 2016-07-09 17:12:51,793: root                : INFO    : processing lat, lon = 2, 1
	              2, 1
PoolWorker-21: 2016-07-09 17:12:51,793: root                : INFO    : processing lat, lon = 2, 2
	              2, 2
PoolWorker-23: 2016-07-09 17:12:51,793: root                : INFO    : processing lat, lon = 2, 3
	              2, 3
PoolWorker-22: 2016-07-09 17:12:51,794: root                : INFO    : processing lat, lon = 3, 0
	              3, 0
PoolWorker-20: 2016-07-09 17:12:51,893: root                : INFO    : processing lat, lon = 3, 1
	              3, 1
PoolWorker-18: 2016-07-09 17:12:51,894: root                : INFO    : processing lat, lon = 3, 2
	              3, 2
PoolWorker-24: 2016-07-09 17:12:51,894: root                : INFO    : processing lat, lon = 3, 4
	              3, 4
PoolWorker-17: 2016-07-09 17:12:51,894: root                : INFO    : processing lat, lon = 3, 3
	              3, 3
PoolWorker-21: 2016-07-09 17:12:51,895: root                : INFO    : processing lat, lon = 4, 1
	              4, 1
PoolWorker-23: 2016-07-09 17:12:51,895: root                : INFO    : processing lat, lon = 4, 2
	              4, 2
PoolWorker-22: 2016-07-09 17:12:51,895: root                : INFO    : processing lat, lon = 4, 3
	              4, 3
PoolWorker-19: 2016-07-09 17:12:51,895: root                : INFO    : processing lat, lon = 4, 0
	              4, 0
PoolWorker-20: 2016-07-09 17:12:51,994: root                : INFO    : processing lat, lon = 4, 4
	              4, 4
MainProcess: 2016-07-09 17:12:51,996: root                : DEBUG   : {0: {0: 0.8444218515250481, 1: 0.7579544029403025, 2: 0.420571580830845, 3: 0.25891675029296335, 4: 0.5112747213686085}, 1: {0: 0.7579544029403025, 1: 0.420571580830845, 2: 0.25891675029296335, 3: 0.5112747213686085, 4: 0.4049341374504143}, 2: {0: 0.420571580830845, 1: 0.25891675029296335, 2: 0.5112747213686085, 3: 0.4049341374504143, 4: 0.7837985890347726}, 3: {0: 0.25891675029296335, 1: 0.5112747213686085, 2: 0.4049341374504143, 3: 0.7837985890347726, 4: 0.30331272607892745}, 4: {0: 0.5112747213686085, 1: 0.4049341374504143, 2: 0.7837985890347726, 3: 0.30331272607892745, 4: 0.4765969541523558}}
MainProcess: 2016-07-09 17:12:51,996: root                : DEBUG   : 0.43182516098
PoolWorker-24: 2016-07-09 17:12:52,099: root                : INFO    : processing lat, lon = 0, 1
	              0, 1
PoolWorker-18: 2016-07-09 17:12:52,099: root                : INFO    : processing lat, lon = 0, 0
	              0, 0
PoolWorker-17: 2016-07-09 17:12:52,100: root                : INFO    : processing lat, lon = 0, 2
	              0, 2
PoolWorker-21: 2016-07-09 17:12:52,100: root                : INFO    : processing lat, lon = 0, 3
	              0, 3
PoolWorker-23: 2016-07-09 17:12:52,100: root                : INFO    : processing lat, lon = 0, 4
	              0, 4
PoolWorker-22: 2016-07-09 17:12:52,100: root                : INFO    : processing lat, lon = 1, 0
	              1, 0
PoolWorker-19: 2016-07-09 17:12:52,101: root                : INFO    : processing lat, lon = 1, 1
	              1, 1
PoolWorker-20: 2016-07-09 17:12:52,101: root                : INFO    : processing lat, lon = 1, 2
	              1, 2
PoolWorker-24: 2016-07-09 17:12:52,200: root                : INFO    : processing lat, lon = 1, 3
	              1, 3
PoolWorker-18: 2016-07-09 17:12:52,200: root                : INFO    : processing lat, lon = 1, 4
	              1, 4
PoolWorker-22: 2016-07-09 17:12:52,201: root                : INFO    : processing lat, lon = 2, 3
	              2, 3
PoolWorker-17: 2016-07-09 17:12:52,201: root                : INFO    : processing lat, lon = 2, 0
	              2, 0
PoolWorker-21: 2016-07-09 17:12:52,201: root                : INFO    : processing lat, lon = 2, 1
	              2, 1
PoolWorker-23: 2016-07-09 17:12:52,201: root                : INFO    : processing lat, lon = 2, 2
	              2, 2
PoolWorker-19: 2016-07-09 17:12:52,202: root                : INFO    : processing lat, lon = 2, 4
	              2, 4
PoolWorker-20: 2016-07-09 17:12:52,202: root                : INFO    : processing lat, lon = 3, 0
	              3, 0
PoolWorker-24: 2016-07-09 17:12:52,302: root                : INFO    : processing lat, lon = 3, 1
	              3, 1
PoolWorker-18: 2016-07-09 17:12:52,302: root                : INFO    : processing lat, lon = 3, 2
	              3, 2
PoolWorker-22: 2016-07-09 17:12:52,303: root                : INFO    : processing lat, lon = 3, 3
	              3, 3
PoolWorker-17: 2016-07-09 17:12:52,303: root                : INFO    : processing lat, lon = 3, 4
	              3, 4
PoolWorker-23: 2016-07-09 17:12:52,303: root                : INFO    : processing lat, lon = 4, 1
	              4, 1
PoolWorker-21: 2016-07-09 17:12:52,303: root                : INFO    : processing lat, lon = 4, 0
	              4, 0
PoolWorker-19: 2016-07-09 17:12:52,303: root                : INFO    : processing lat, lon = 4, 2
	              4, 2
PoolWorker-20: 2016-07-09 17:12:52,304: root                : INFO    : processing lat, lon = 4, 3
	              4, 3
PoolWorker-24: 2016-07-09 17:12:52,404: root                : INFO    : processing lat, lon = 4, 4
	              4, 4
