MainProcess : root          : INFO    :  2016-07-09 17:12:49,513: Processing 40 documents using 4 processes.
Process-9   : root          : INFO    :  2016-07-09 17:12:49,519: >>>>>> Hi from process-1; processing docs 0 - 9
Process-10  : root          : INFO    :  2016-07-09 17:12:49,519: >>>>>> Hi from process-2; processing docs 10 - 19
Process-9   : root          : INFO    :  2016-07-09 17:12:49,519: 1:  0
	and again 1:  0
Process-10  : root          : INFO    :  2016-07-09 17:12:49,520: 2: 10
	and again 2: 10
Process-11  : root          : INFO    :  2016-07-09 17:12:49,521: >>>>>> Hi from process-3; processing docs 20 - 29
Process-11  : root          : INFO    :  2016-07-09 17:12:49,522: 3: 20
	and again 3: 20
Process-12  : root          : INFO    :  2016-07-09 17:12:49,522: >>>>>> Hi from process-4; processing docs 30 - 39
Process-12  : root          : INFO    :  2016-07-09 17:12:49,523: 4: 30
	and again 4: 30
Process-9   : root          : INFO    :  2016-07-09 17:12:49,621: 1:  1
	and again 1:  1
Process-9   : root          : INFO    :  2016-07-09 17:12:49,621: 1:  2
	and again 1:  2
Process-11  : root          : INFO    :  2016-07-09 17:12:49,623: 3: 21
	and again 3: 21
Process-11  : root          : INFO    :  2016-07-09 17:12:49,623: 3: 22
	and again 3: 22
Process-10  : root          : INFO    :  2016-07-09 17:12:49,721: 2: 11
	and again 2: 11
Process-10  : root          : INFO    :  2016-07-09 17:12:49,721: 2: 12
	and again 2: 12
Process-9   : root          : INFO    :  2016-07-09 17:12:49,723: 1:  3
	and again 1:  3
Process-9   : root          : INFO    :  2016-07-09 17:12:49,723: 1:  4
	and again 1:  4
Process-12  : root          : INFO    :  2016-07-09 17:12:49,724: 4: 31
	and again 4: 31
Process-11  : root          : INFO    :  2016-07-09 17:12:49,724: 3: 23
	and again 3: 23
Process-12  : root          : INFO    :  2016-07-09 17:12:49,724: 4: 32
	and again 4: 32
Process-11  : root          : INFO    :  2016-07-09 17:12:49,724: 3: 24
	and again 3: 24
Process-9   : root          : INFO    :  2016-07-09 17:12:49,824: 1:  5
	and again 1:  5
Process-9   : root          : INFO    :  2016-07-09 17:12:49,825: 1:  6
	and again 1:  6
Process-11  : root          : INFO    :  2016-07-09 17:12:49,826: 3: 25
	and again 3: 25
Process-11  : root          : INFO    :  2016-07-09 17:12:49,826: 3: 26
	and again 3: 26
Process-10  : root          : INFO    :  2016-07-09 17:12:49,923: 2: 13
	and again 2: 13
Process-10  : root          : INFO    :  2016-07-09 17:12:49,923: 2: 14
	and again 2: 14
Process-12  : root          : INFO    :  2016-07-09 17:12:49,925: 4: 33
	and again 4: 33
Process-12  : root          : INFO    :  2016-07-09 17:12:49,925: 4: 34
	and again 4: 34
Process-9   : root          : INFO    :  2016-07-09 17:12:49,926: 1:  7
	and again 1:  7
Process-9   : root          : INFO    :  2016-07-09 17:12:49,926: 1:  8
	and again 1:  8
Process-11  : root          : INFO    :  2016-07-09 17:12:49,927: 3: 27
	and again 3: 27
Process-11  : root          : INFO    :  2016-07-09 17:12:49,927: 3: 28
	and again 3: 28
Process-9   : root          : INFO    :  2016-07-09 17:12:50,027: 1:  9
	and again 1:  9
Process-9   : root          : INFO    :  2016-07-09 17:12:50,028: >>>>>> Bye from process-1
Process-11  : root          : INFO    :  2016-07-09 17:12:50,029: 3: 29
	and again 3: 29
Process-11  : root          : INFO    :  2016-07-09 17:12:50,029: >>>>>> Bye from process-3
Process-10  : root          : INFO    :  2016-07-09 17:12:50,125: 2: 15
	and again 2: 15
Process-10  : root          : INFO    :  2016-07-09 17:12:50,125: 2: 16
	and again 2: 16
Process-12  : root          : INFO    :  2016-07-09 17:12:50,126: 4: 35
	and again 4: 35
Process-12  : root          : INFO    :  2016-07-09 17:12:50,126: 4: 36
	and again 4: 36
Process-10  : root          : INFO    :  2016-07-09 17:12:50,326: 2: 17
	and again 2: 17
Process-10  : root          : INFO    :  2016-07-09 17:12:50,326: 2: 18
	and again 2: 18
Process-12  : root          : INFO    :  2016-07-09 17:12:50,327: 4: 37
	and again 4: 37
Process-12  : root          : INFO    :  2016-07-09 17:12:50,327: 4: 38
	and again 4: 38
Process-10  : root          : INFO    :  2016-07-09 17:12:50,527: 2: 19
	and again 2: 19
Process-10  : root          : INFO    :  2016-07-09 17:12:50,528: >>>>>> Bye from process-2
Process-12  : root          : INFO    :  2016-07-09 17:12:50,529: 4: 39
	and again 4: 39
Process-12  : root          : INFO    :  2016-07-09 17:12:50,529: >>>>>> Bye from process-4
MainProcess : root          : INFO    :  2016-07-09 17:12:50,533: NUM_DOCS_TOTAL: 40, len(total_results): 40
MainProcess : root          : INFO    :  2016-07-09 17:12:50,534: [(1, 0), (1, 1), (1, 2), (1, 3), (1, 4), (1, 5), (1, 6), (1, 7), (1, 8), (1, 9), (3, 20), (3, 21), (3, 22), (3, 23), (3, 24), (3, 25), (3, 26), (3, 27), (3, 28), (3, 29), (2, 10), (2, 11), (2, 12), (2, 13), (2, 14), (2, 15), (2, 16), (2, 17), (2, 18), (2, 19), (4, 30), (4, 31), (4, 32), (4, 33), (4, 34), (4, 35), (4, 36), (4, 37), (4, 38), (4, 39)]
