MainProcess : __main__      : INFO    :  2016-07-09 02:25:42,844: Processing 80 documents using 4 processes.
Process-2   : __main__      : INFO    :  2016-07-09 02:25:42,855: >>>>>> Hi from process-2; processing docs 20 - 39
Process-3   : __main__      : INFO    :  2016-07-09 02:25:42,855: >>>>>> Hi from process-3; processing docs 40 - 59
Process-1   : __main__      : INFO    :  2016-07-09 02:25:42,855: >>>>>> Hi from process-1; processing docs 0 - 19
Process-2   : __main__      : INFO    :  2016-07-09 02:25:42,856: 2: 20
	and again 2: 20
Process-3   : __main__      : INFO    :  2016-07-09 02:25:42,856: 3: 40
	and again 3: 40
Process-1   : __main__      : INFO    :  2016-07-09 02:25:42,856: 1:  0
	and again 1:  0
Process-4   : __main__      : INFO    :  2016-07-09 02:25:42,856: >>>>>> Hi from process-4; processing docs 60 - 79
Process-4   : __main__      : INFO    :  2016-07-09 02:25:42,857: 4: 60
	and again 4: 60
Process-3   : __main__      : INFO    :  2016-07-09 02:25:42,907: 3: 41
	and again 3: 41
Process-1   : __main__      : INFO    :  2016-07-09 02:25:42,907: 1:  1
	and again 1:  1
Process-3   : __main__      : INFO    :  2016-07-09 02:25:42,907: 3: 42
	and again 3: 42
Process-1   : __main__      : INFO    :  2016-07-09 02:25:42,908: 1:  2
	and again 1:  2
Process-2   : __main__      : INFO    :  2016-07-09 02:25:42,957: 2: 21
	and again 2: 21
Process-2   : __main__      : INFO    :  2016-07-09 02:25:42,958: 2: 22
	and again 2: 22
Process-3   : __main__      : INFO    :  2016-07-09 02:25:42,959: 3: 43
	and again 3: 43
Process-4   : __main__      : INFO    :  2016-07-09 02:25:42,959: 4: 61
	and again 4: 61
Process-1   : __main__      : INFO    :  2016-07-09 02:25:42,959: 1:  3
	and again 1:  3
Process-3   : __main__      : INFO    :  2016-07-09 02:25:42,959: 3: 44
	and again 3: 44
Process-4   : __main__      : INFO    :  2016-07-09 02:25:42,959: 4: 62
	and again 4: 62
Process-1   : __main__      : INFO    :  2016-07-09 02:25:42,959: 1:  4
	and again 1:  4
Process-3   : __main__      : INFO    :  2016-07-09 02:25:43,010: 3: 45
	and again 3: 45
Process-1   : __main__      : INFO    :  2016-07-09 02:25:43,010: 1:  5
	and again 1:  5
Process-3   : __main__      : INFO    :  2016-07-09 02:25:43,011: 3: 46
	and again 3: 46
Process-1   : __main__      : INFO    :  2016-07-09 02:25:43,011: 1:  6
	and again 1:  6
Process-2   : __main__      : INFO    :  2016-07-09 02:25:43,059: 2: 23
	and again 2: 23
Process-2   : __main__      : INFO    :  2016-07-09 02:25:43,059: 2: 24
	and again 2: 24
Process-4   : __main__      : INFO    :  2016-07-09 02:25:43,060: 4: 63
	and again 4: 63
Process-4   : __main__      : INFO    :  2016-07-09 02:25:43,061: 4: 64
	and again 4: 64
Process-3   : __main__      : INFO    :  2016-07-09 02:25:43,062: 3: 47
	and again 3: 47
Process-1   : __main__      : INFO    :  2016-07-09 02:25:43,062: 1:  7
	and again 1:  7
Process-3   : __main__      : INFO    :  2016-07-09 02:25:43,062: 3: 48
	and again 3: 48
Process-1   : __main__      : INFO    :  2016-07-09 02:25:43,062: 1:  8
	and again 1:  8
Process-1   : __main__      : INFO    :  2016-07-09 02:25:43,113: 1:  9
	and again 1:  9
Process-3   : __main__      : INFO    :  2016-07-09 02:25:43,113: 3: 49
	and again 3: 49
Process-1   : __main__      : INFO    :  2016-07-09 02:25:43,113: 1: 10
	and again 1: 10
Process-3   : __main__      : INFO    :  2016-07-09 02:25:43,114: 3: 50
	and again 3: 50
Process-2   : __main__      : INFO    :  2016-07-09 02:25:43,161: 2: 25
	and again 2: 25
Process-2   : __main__      : INFO    :  2016-07-09 02:25:43,161: 2: 26
	and again 2: 26
Process-4   : __main__      : INFO    :  2016-07-09 02:25:43,162: 4: 65
	and again 4: 65
Process-4   : __main__      : INFO    :  2016-07-09 02:25:43,162: 4: 66
	and again 4: 66
Process-3   : __main__      : INFO    :  2016-07-09 02:25:43,165: 3: 51
	and again 3: 51
Process-1   : __main__      : INFO    :  2016-07-09 02:25:43,165: 1: 11
	and again 1: 11
Process-3   : __main__      : INFO    :  2016-07-09 02:25:43,165: 3: 52
	and again 3: 52
Process-1   : __main__      : INFO    :  2016-07-09 02:25:43,165: 1: 12
	and again 1: 12
Process-3   : __main__      : INFO    :  2016-07-09 02:25:43,216: 3: 53
	and again 3: 53
Process-3   : __main__      : INFO    :  2016-07-09 02:25:43,216: 3: 54
	and again 3: 54
Process-1   : __main__      : INFO    :  2016-07-09 02:25:43,217: 1: 13
	and again 1: 13
Process-1   : __main__      : INFO    :  2016-07-09 02:25:43,217: 1: 14
	and again 1: 14
Process-2   : __main__      : INFO    :  2016-07-09 02:25:43,262: 2: 27
	and again 2: 27
Process-2   : __main__      : INFO    :  2016-07-09 02:25:43,263: 2: 28
	and again 2: 28
Process-4   : __main__      : INFO    :  2016-07-09 02:25:43,263: 4: 67
	and again 4: 67
Process-4   : __main__      : INFO    :  2016-07-09 02:25:43,264: 4: 68
	and again 4: 68
Process-3   : __main__      : INFO    :  2016-07-09 02:25:43,267: 3: 55
	and again 3: 55
Process-3   : __main__      : INFO    :  2016-07-09 02:25:43,267: 3: 56
	and again 3: 56
Process-1   : __main__      : INFO    :  2016-07-09 02:25:43,268: 1: 15
	and again 1: 15
Process-1   : __main__      : INFO    :  2016-07-09 02:25:43,268: 1: 16
	and again 1: 16
Process-3   : __main__      : INFO    :  2016-07-09 02:25:43,318: 3: 57
	and again 3: 57
Process-3   : __main__      : INFO    :  2016-07-09 02:25:43,319: 3: 58
	and again 3: 58
Process-1   : __main__      : INFO    :  2016-07-09 02:25:43,319: 1: 17
	and again 1: 17
Process-1   : __main__      : INFO    :  2016-07-09 02:25:43,320: 1: 18
	and again 1: 18
Process-2   : __main__      : INFO    :  2016-07-09 02:25:43,364: 2: 29
	and again 2: 29
Process-2   : __main__      : INFO    :  2016-07-09 02:25:43,364: 2: 30
	and again 2: 30
Process-4   : __main__      : INFO    :  2016-07-09 02:25:43,365: 4: 69
	and again 4: 69
Process-4   : __main__      : INFO    :  2016-07-09 02:25:43,365: 4: 70
	and again 4: 70
Process-3   : __main__      : INFO    :  2016-07-09 02:25:43,369: 3: 59
	and again 3: 59
Process-3   : __main__      : INFO    :  2016-07-09 02:25:43,370: >>>>>> Bye from process-3
Process-1   : __main__      : INFO    :  2016-07-09 02:25:43,371: 1: 19
	and again 1: 19
Process-1   : __main__      : INFO    :  2016-07-09 02:25:43,371: >>>>>> Bye from process-1
Process-2   : __main__      : INFO    :  2016-07-09 02:25:43,465: 2: 31
	and again 2: 31
Process-2   : __main__      : INFO    :  2016-07-09 02:25:43,466: 2: 32
	and again 2: 32
Process-4   : __main__      : INFO    :  2016-07-09 02:25:43,466: 4: 71
	and again 4: 71
Process-4   : __main__      : INFO    :  2016-07-09 02:25:43,466: 4: 72
	and again 4: 72
Process-2   : __main__      : INFO    :  2016-07-09 02:25:43,567: 2: 33
	and again 2: 33
Process-4   : __main__      : INFO    :  2016-07-09 02:25:43,567: 4: 73
	and again 4: 73
Process-2   : __main__      : INFO    :  2016-07-09 02:25:43,567: 2: 34
	and again 2: 34
Process-4   : __main__      : INFO    :  2016-07-09 02:25:43,567: 4: 74
	and again 4: 74
Process-2   : __main__      : INFO    :  2016-07-09 02:25:43,668: 2: 35
	and again 2: 35
Process-4   : __main__      : INFO    :  2016-07-09 02:25:43,668: 4: 75
	and again 4: 75
Process-2   : __main__      : INFO    :  2016-07-09 02:25:43,668: 2: 36
	and again 2: 36
Process-4   : __main__      : INFO    :  2016-07-09 02:25:43,669: 4: 76
	and again 4: 76
Process-4   : __main__      : INFO    :  2016-07-09 02:25:43,769: 4: 77
	and again 4: 77
Process-2   : __main__      : INFO    :  2016-07-09 02:25:43,769: 2: 37
	and again 2: 37
Process-4   : __main__      : INFO    :  2016-07-09 02:25:43,770: 4: 78
	and again 4: 78
Process-2   : __main__      : INFO    :  2016-07-09 02:25:43,770: 2: 38
	and again 2: 38
Process-2   : __main__      : INFO    :  2016-07-09 02:25:43,871: 2: 39
	and again 2: 39
Process-4   : __main__      : INFO    :  2016-07-09 02:25:43,871: 4: 79
	and again 4: 79
Process-2   : __main__      : INFO    :  2016-07-09 02:25:43,871: >>>>>> Bye from process-2
Process-4   : __main__      : INFO    :  2016-07-09 02:25:43,871: >>>>>> Bye from process-4
MainProcess : __main__      : INFO    :  2016-07-09 02:25:43,874: NUM_DOCS_TOTAL: 80, len(total_results): 80
MainProcess : __main__      : INFO    :  2016-07-09 02:25:43,874: [(3, 40), (3, 41), (3, 42), (3, 43), (3, 44), (3, 45), (3, 46), (3, 47), (3, 48), (3, 49), (3, 50), (3, 51), (3, 52), (3, 53), (3, 54), (3, 55), (3, 56), (3, 57), (3, 58), (3, 59), (1, 0), (1, 1), (1, 2), (1, 3), (1, 4), (1, 5), (1, 6), (1, 7), (1, 8), (1, 9), (1, 10), (1, 11), (1, 12), (1, 13), (1, 14), (1, 15), (1, 16), (1, 17), (1, 18), (1, 19), (2, 20), (2, 21), (2, 22), (2, 23), (2, 24), (2, 25), (2, 26), (2, 27), (2, 28), (2, 29), (2, 30), (2, 31), (2, 32), (2, 33), (2, 34), (2, 35), (2, 36), (2, 37), (2, 38), (2, 39), (4, 60), (4, 61), (4, 62), (4, 63), (4, 64), (4, 65), (4, 66), (4, 67), (4, 68), (4, 69), (4, 70), (4, 71), (4, 72), (4, 73), (4, 74), (4, 75), (4, 76), (4, 77), (4, 78), (4, 79)]
