MainProcess : examples.mproc: INFO    :  2016-07-09 17:12:47,449: Processing 80 documents using 4 processes.
Process-2   : examples.mproc: INFO    :  2016-07-09 17:12:47,457: >>>>>> Hi from process-2; processing docs 20 - 39
Process-3   : examples.mproc: INFO    :  2016-07-09 17:12:47,457: >>>>>> Hi from process-3; processing docs 40 - 59
Process-2   : examples.mproc: INFO    :  2016-07-09 17:12:47,458: 2: 20
	and again 2: 20
Process-1   : examples.mproc: INFO    :  2016-07-09 17:12:47,457: >>>>>> Hi from process-1; processing docs 0 - 19
Process-3   : examples.mproc: INFO    :  2016-07-09 17:12:47,458: 3: 40
	and again 3: 40
Process-1   : examples.mproc: INFO    :  2016-07-09 17:12:47,458: 1:  0
	and again 1:  0
Process-4   : examples.mproc: INFO    :  2016-07-09 17:12:47,459: >>>>>> Hi from process-4; processing docs 60 - 79
Process-4   : examples.mproc: INFO    :  2016-07-09 17:12:47,460: 4: 60
	and again 4: 60
Process-3   : examples.mproc: INFO    :  2016-07-09 17:12:47,509: 3: 41
	and again 3: 41
Process-1   : examples.mproc: INFO    :  2016-07-09 17:12:47,509: 1:  1
	and again 1:  1
Process-3   : examples.mproc: INFO    :  2016-07-09 17:12:47,510: 3: 42
	and again 3: 42
Process-1   : examples.mproc: INFO    :  2016-07-09 17:12:47,511: 1:  2
	and again 1:  2
Process-2   : examples.mproc: INFO    :  2016-07-09 17:12:47,559: 2: 21
	and again 2: 21
Process-2   : examples.mproc: INFO    :  2016-07-09 17:12:47,559: 2: 22
	and again 2: 22
Process-4   : examples.mproc: INFO    :  2016-07-09 17:12:47,561: 4: 61
	and again 4: 61
Process-3   : examples.mproc: INFO    :  2016-07-09 17:12:47,561: 3: 43
	and again 3: 43
Process-4   : examples.mproc: INFO    :  2016-07-09 17:12:47,562: 4: 62
	and again 4: 62
Process-3   : examples.mproc: INFO    :  2016-07-09 17:12:47,562: 3: 44
	and again 3: 44
Process-1   : examples.mproc: INFO    :  2016-07-09 17:12:47,563: 1:  3
	and again 1:  3
Process-1   : examples.mproc: INFO    :  2016-07-09 17:12:47,563: 1:  4
	and again 1:  4
Process-3   : examples.mproc: INFO    :  2016-07-09 17:12:47,614: 3: 45
	and again 3: 45
Process-1   : examples.mproc: INFO    :  2016-07-09 17:12:47,614: 1:  5
	and again 1:  5
Process-3   : examples.mproc: INFO    :  2016-07-09 17:12:47,615: 3: 46
	and again 3: 46
Process-1   : examples.mproc: INFO    :  2016-07-09 17:12:47,615: 1:  6
	and again 1:  6
Process-2   : examples.mproc: INFO    :  2016-07-09 17:12:47,661: 2: 23
	and again 2: 23
Process-2   : examples.mproc: INFO    :  2016-07-09 17:12:47,661: 2: 24
	and again 2: 24
Process-4   : examples.mproc: INFO    :  2016-07-09 17:12:47,664: 4: 63
	and again 4: 63
Process-4   : examples.mproc: INFO    :  2016-07-09 17:12:47,664: 4: 64
	and again 4: 64
Process-3   : examples.mproc: INFO    :  2016-07-09 17:12:47,666: 3: 47
	and again 3: 47
Process-1   : examples.mproc: INFO    :  2016-07-09 17:12:47,666: 1:  7
	and again 1:  7
Process-3   : examples.mproc: INFO    :  2016-07-09 17:12:47,666: 3: 48
	and again 3: 48
Process-1   : examples.mproc: INFO    :  2016-07-09 17:12:47,666: 1:  8
	and again 1:  8
Process-3   : examples.mproc: INFO    :  2016-07-09 17:12:47,718: 3: 49
	and again 3: 49
Process-1   : examples.mproc: INFO    :  2016-07-09 17:12:47,718: 1:  9
	and again 1:  9
Process-3   : examples.mproc: INFO    :  2016-07-09 17:12:47,718: 3: 50
	and again 3: 50
Process-1   : examples.mproc: INFO    :  2016-07-09 17:12:47,718: 1: 10
	and again 1: 10
Process-2   : examples.mproc: INFO    :  2016-07-09 17:12:47,762: 2: 25
	and again 2: 25
Process-2   : examples.mproc: INFO    :  2016-07-09 17:12:47,763: 2: 26
	and again 2: 26
Process-4   : examples.mproc: INFO    :  2016-07-09 17:12:47,765: 4: 65
	and again 4: 65
Process-4   : examples.mproc: INFO    :  2016-07-09 17:12:47,766: 4: 66
	and again 4: 66
Process-3   : examples.mproc: INFO    :  2016-07-09 17:12:47,770: 3: 51
	and again 3: 51
Process-1   : examples.mproc: INFO    :  2016-07-09 17:12:47,770: 1: 11
	and again 1: 11
Process-3   : examples.mproc: INFO    :  2016-07-09 17:12:47,770: 3: 52
	and again 3: 52
Process-1   : examples.mproc: INFO    :  2016-07-09 17:12:47,770: 1: 12
	and again 1: 12
Process-3   : examples.mproc: INFO    :  2016-07-09 17:12:47,821: 3: 53
	and again 3: 53
Process-1   : examples.mproc: INFO    :  2016-07-09 17:12:47,821: 1: 13
	and again 1: 13
Process-3   : examples.mproc: INFO    :  2016-07-09 17:12:47,822: 3: 54
	and again 3: 54
Process-1   : examples.mproc: INFO    :  2016-07-09 17:12:47,822: 1: 14
	and again 1: 14
Process-2   : examples.mproc: INFO    :  2016-07-09 17:12:47,864: 2: 27
	and again 2: 27
Process-2   : examples.mproc: INFO    :  2016-07-09 17:12:47,865: 2: 28
	and again 2: 28
Process-4   : examples.mproc: INFO    :  2016-07-09 17:12:47,867: 4: 67
	and again 4: 67
Process-4   : examples.mproc: INFO    :  2016-07-09 17:12:47,867: 4: 68
	and again 4: 68
Process-3   : examples.mproc: INFO    :  2016-07-09 17:12:47,872: 3: 55
	and again 3: 55
Process-1   : examples.mproc: INFO    :  2016-07-09 17:12:47,872: 1: 15
	and again 1: 15
Process-3   : examples.mproc: INFO    :  2016-07-09 17:12:47,873: 3: 56
	and again 3: 56
Process-1   : examples.mproc: INFO    :  2016-07-09 17:12:47,873: 1: 16
	and again 1: 16
Process-3   : examples.mproc: INFO    :  2016-07-09 17:12:47,924: 3: 57
	and again 3: 57
Process-1   : examples.mproc: INFO    :  2016-07-09 17:12:47,924: 1: 17
	and again 1: 17
Process-3   : examples.mproc: INFO    :  2016-07-09 17:12:47,924: 3: 58
	and again 3: 58
Process-1   : examples.mproc: INFO    :  2016-07-09 17:12:47,924: 1: 18
	and again 1: 18
Process-2   : examples.mproc: INFO    :  2016-07-09 17:12:47,966: 2: 29
	and again 2: 29
Process-2   : examples.mproc: INFO    :  2016-07-09 17:12:47,966: 2: 30
	and again 2: 30
Process-4   : examples.mproc: INFO    :  2016-07-09 17:12:47,968: 4: 69
	and again 4: 69
Process-4   : examples.mproc: INFO    :  2016-07-09 17:12:47,968: 4: 70
	and again 4: 70
Process-3   : examples.mproc: INFO    :  2016-07-09 17:12:47,975: 3: 59
	and again 3: 59
Process-1   : examples.mproc: INFO    :  2016-07-09 17:12:47,975: 1: 19
	and again 1: 19
Process-3   : examples.mproc: INFO    :  2016-07-09 17:12:47,975: >>>>>> Bye from process-3
Process-1   : examples.mproc: INFO    :  2016-07-09 17:12:47,976: >>>>>> Bye from process-1
Process-2   : examples.mproc: INFO    :  2016-07-09 17:12:48,067: 2: 31
	and again 2: 31
Process-2   : examples.mproc: INFO    :  2016-07-09 17:12:48,068: 2: 32
	and again 2: 32
Process-4   : examples.mproc: INFO    :  2016-07-09 17:12:48,069: 4: 71
	and again 4: 71
Process-4   : examples.mproc: INFO    :  2016-07-09 17:12:48,069: 4: 72
	and again 4: 72
Process-2   : examples.mproc: INFO    :  2016-07-09 17:12:48,169: 2: 33
	and again 2: 33
Process-2   : examples.mproc: INFO    :  2016-07-09 17:12:48,169: 2: 34
	and again 2: 34
Process-4   : examples.mproc: INFO    :  2016-07-09 17:12:48,170: 4: 73
	and again 4: 73
Process-4   : examples.mproc: INFO    :  2016-07-09 17:12:48,171: 4: 74
	and again 4: 74
Process-2   : examples.mproc: INFO    :  2016-07-09 17:12:48,270: 2: 35
	and again 2: 35
Process-2   : examples.mproc: INFO    :  2016-07-09 17:12:48,271: 2: 36
	and again 2: 36
Process-4   : examples.mproc: INFO    :  2016-07-09 17:12:48,272: 4: 75
	and again 4: 75
Process-4   : examples.mproc: INFO    :  2016-07-09 17:12:48,272: 4: 76
	and again 4: 76
Process-2   : examples.mproc: INFO    :  2016-07-09 17:12:48,371: 2: 37
	and again 2: 37
Process-2   : examples.mproc: INFO    :  2016-07-09 17:12:48,372: 2: 38
	and again 2: 38
Process-4   : examples.mproc: INFO    :  2016-07-09 17:12:48,373: 4: 77
	and again 4: 77
Process-4   : examples.mproc: INFO    :  2016-07-09 17:12:48,374: 4: 78
	and again 4: 78
Process-2   : examples.mproc: INFO    :  2016-07-09 17:12:48,472: 2: 39
	and again 2: 39
Process-2   : examples.mproc: INFO    :  2016-07-09 17:12:48,473: >>>>>> Bye from process-2
Process-4   : examples.mproc: INFO    :  2016-07-09 17:12:48,475: 4: 79
	and again 4: 79
Process-4   : examples.mproc: INFO    :  2016-07-09 17:12:48,475: >>>>>> Bye from process-4
MainProcess : examples.mproc: INFO    :  2016-07-09 17:12:48,478: NUM_DOCS_TOTAL: 80, len(total_results): 80
MainProcess : examples.mproc: INFO    :  2016-07-09 17:12:48,479: [(3, 40), (3, 41), (3, 42), (3, 43), (3, 44), (3, 45), (3, 46), (3, 47), (3, 48), (3, 49), (3, 50), (3, 51), (3, 52), (3, 53), (3, 54), (3, 55), (3, 56), (3, 57), (3, 58), (3, 59), (1, 0), (1, 1), (1, 2), (1, 3), (1, 4), (1, 5), (1, 6), (1, 7), (1, 8), (1, 9), (1, 10), (1, 11), (1, 12), (1, 13), (1, 14), (1, 15), (1, 16), (1, 17), (1, 18), (1, 19), (2, 20), (2, 21), (2, 22), (2, 23), (2, 24), (2, 25), (2, 26), (2, 27), (2, 28), (2, 29), (2, 30), (2, 31), (2, 32), (2, 33), (2, 34), (2, 35), (2, 36), (2, 37), (2, 38), (2, 39), (4, 60), (4, 61), (4, 62), (4, 63), (4, 64), (4, 65), (4, 66), (4, 67), (4, 68), (4, 69), (4, 70), (4, 71), (4, 72), (4, 73), (4, 74), (4, 75), (4, 76), (4, 77), (4, 78), (4, 79)]
